\BOOKMARK [1][-]{toc1.1}{Contents}{}% 1
\BOOKMARK [1][-]{section.1}{1\040Introduction}{}% 2
\BOOKMARK [1][-]{section.2}{2\040Loading\040Package}{}% 3
\BOOKMARK [1][-]{section.3}{3\040Typesetting\040The\040Holy\040Quran}{}% 4
\BOOKMARK [2][-]{subsection.3.1}{3.1\040Surah/Sovar}{section.3}% 5
\BOOKMARK [2][-]{subsection.3.2}{3.2\040Ayah/Ayat}{section.3}% 6
\BOOKMARK [2][-]{subsection.3.3}{3.3\040Page/Pages}{section.3}% 7
\BOOKMARK [2][-]{subsection.3.4}{3.4\040Juz/Ajza}{section.3}% 8
\BOOKMARK [2][-]{subsection.3.5}{3.5\040Hizb/Ahzab}{section.3}% 9
\BOOKMARK [2][-]{subsection.3.6}{3.6\040Quarter/Quarters}{section.3}% 10
\BOOKMARK [2][-]{subsection.3.7}{3.7\040Ruku/Rukus}{section.3}% 11
\BOOKMARK [2][-]{subsection.3.8}{3.8\040Manzil/Manazil}{section.3}% 12
\BOOKMARK [2][-]{subsection.3.9}{3.9\040Text\040of\040Quran}{section.3}% 13
\BOOKMARK [2][-]{subsection.3.10}{3.10\040Whole\040of\040The\040Holy\040Quran}{section.3}% 14
\BOOKMARK [1][-]{section.4}{4\040Miscellaneous}{}% 15
\BOOKMARK [2][-]{subsection.4.1}{4.1\040Name\040of\040Surah}{section.4}% 16
\BOOKMARK [2][-]{subsection.4.2}{4.2\040Basmalah}{section.4}% 17
\BOOKMARK [2][-]{subsection.4.3}{4.3\040Index\040Converting}{section.4}% 18
\BOOKMARK [1][-]{section.5}{5\040Options\040to\040The\040Package}{}% 19
\BOOKMARK [1][-]{section.6}{6\040Acknowledgment}{}% 20
\BOOKMARK [1][-]{section.7}{7\040Frequently\040Asked\040Questions}{}% 21
\BOOKMARK [2][-]{subsection.7.1}{7.1\040What\040is\040the\040best\040font\040for\040typesetting\040quran\040text?}{section.7}% 22
\BOOKMARK [2][-]{subsection.7.2}{7.2\040How\040to\040use\040quran\040package?}{section.7}% 23
\BOOKMARK [2][-]{subsection.7.3}{7.3\040How\040to\040set\040quran\040default\040font?}{section.7}% 24
\BOOKMARK [2][-]{subsection.7.4}{7.4\040How\040to\040typeset\040a\040portion\040of\040the\040Holy\040Quran\040in\040one\040paragraph\040with\040no\040ayah\040number\040without\040affecting\040the\040behaviour\040of\040quran\040package\040in\040other\040cases?}{section.7}% 25
